{"numFailedTestSuites":1,"numFailedTests":6,"numPassedTestSuites":0,"numPassedTests":0,"numPendingTestSuites":0,"numPendingTests":0,"numRuntimeErrorTestSuites":0,"numTodoTests":0,"numTotalTestSuites":1,"numTotalTests":6,"openHandles":[],"snapshot":{"added":0,"didUpdate":false,"failure":false,"filesAdded":0,"filesRemoved":0,"filesRemovedList":[],"filesUnmatched":0,"filesUpdated":0,"matched":0,"total":0,"unchecked":0,"uncheckedKeysByFile":[],"unmatched":0,"updated":0},"startTime":1661192750552,"success":false,"testResults":[{"assertionResults":[{"ancestorTitles":["Pet"],"duration":34,"failureMessages":["Error: getaddrinfo EAI_AGAIN swaggerapi-petstore3\n    at GetAddrInfoReqWrap.onlookup [as oncomplete] (dns.js:66:26)"],"fullName":"Pet should create a new pet","location":null,"status":"failed","title":"should create a new pet"},{"ancestorTitles":["Pet"],"duration":27,"failureMessages":["Error: getaddrinfo EAI_AGAIN swaggerapi-petstore3\n    at GetAddrInfoReqWrap.onlookup [as oncomplete] (dns.js:66:26)"],"fullName":"Pet should update an existent pet","location":null,"status":"failed","title":"should update an existent pet"},{"ancestorTitles":["Pet"],"duration":28,"failureMessages":["Error: getaddrinfo EAI_AGAIN swaggerapi-petstore3\n    at GetAddrInfoReqWrap.onlookup [as oncomplete] (dns.js:66:26)"],"fullName":"Pet should get pets filter by status","location":null,"status":"failed","title":"should get pets filter by status"},{"ancestorTitles":["Pet"],"duration":30,"failureMessages":["Error: getaddrinfo EAI_AGAIN swaggerapi-petstore3\n    at GetAddrInfoReqWrap.onlookup [as oncomplete] (dns.js:66:26)"],"fullName":"Pet should get pets filter by tag","location":null,"status":"failed","title":"should get pets filter by tag"},{"ancestorTitles":["Pet"],"duration":31,"failureMessages":["Error: getaddrinfo EAI_AGAIN swaggerapi-petstore3\n    at GetAddrInfoReqWrap.onlookup [as oncomplete] (dns.js:66:26)"],"fullName":"Pet should get a pets by ID","location":null,"status":"failed","title":"should get a pets by ID"},{"ancestorTitles":["Pet"],"duration":31,"failureMessages":["Error: getaddrinfo EAI_AGAIN swaggerapi-petstore3\n    at GetAddrInfoReqWrap.onlookup [as oncomplete] (dns.js:66:26)"],"fullName":"Pet should update a pet with the form data (pet store request UI)","location":null,"status":"failed","title":"should update a pet with the form data (pet store request UI)"}],"endTime":1661192751066,"message":"\u001b[1m\u001b[31m  \u001b[1m● \u001b[22m\u001b[1mPet › should create a new pet\u001b[39m\u001b[22m\n\n    getaddrinfo EAI_AGAIN swaggerapi-petstore3\n\u001b[2m\u001b[22m\n\u001b[2m\u001b[22m\n\n\u001b[1m\u001b[31m  \u001b[1m● \u001b[22m\u001b[1mPet › should update an existent pet\u001b[39m\u001b[22m\n\n    getaddrinfo EAI_AGAIN swaggerapi-petstore3\n\u001b[2m\u001b[22m\n\u001b[2m\u001b[22m\n\n\u001b[1m\u001b[31m  \u001b[1m● \u001b[22m\u001b[1mPet › should get pets filter by status\u001b[39m\u001b[22m\n\n    getaddrinfo EAI_AGAIN swaggerapi-petstore3\n\u001b[2m\u001b[22m\n\u001b[2m\u001b[22m\n\n\u001b[1m\u001b[31m  \u001b[1m● \u001b[22m\u001b[1mPet › should get pets filter by tag\u001b[39m\u001b[22m\n\n    getaddrinfo EAI_AGAIN swaggerapi-petstore3\n\u001b[2m\u001b[22m\n\u001b[2m\u001b[22m\n\n\u001b[1m\u001b[31m  \u001b[1m● \u001b[22m\u001b[1mPet › should get a pets by ID\u001b[39m\u001b[22m\n\n    getaddrinfo EAI_AGAIN swaggerapi-petstore3\n\u001b[2m\u001b[22m\n\u001b[2m\u001b[22m\n\n\u001b[1m\u001b[31m  \u001b[1m● \u001b[22m\u001b[1mPet › should update a pet with the form data (pet store request UI)\u001b[39m\u001b[22m\n\n    getaddrinfo EAI_AGAIN swaggerapi-petstore3\n\u001b[2m\u001b[22m\n\u001b[2m\u001b[22m\n","name":"/home/andres/Documents/Repos/pets/pets-automation/test/specs/pet.spec.js","startTime":1661192750574,"status":"failed","summary":""}],"wasInterrupted":false}